[2018-03-28T10:31:18.628] [ERROR] errorLogger - 
*************** error log start ***************
request method: GET
request originalUrl:  /api/getProjectByUserId/1
request client ip:  ::1
request query:  {}
response time: 0
err name: TypeError
err message: Cannot read property 'id' of undefined
err stack: TypeError: Cannot read property 'id' of undefined
    at GET /api/getProjectByUserId/:id (g:\vscode\winning-koa\demo\controllers\selection.js:25:39)
    at dispatch (G:\vscode\winning-koa\demo\node_modules\_koa-compose@3.2.1@koa-compose\index.js:44:32)
    at next (G:\vscode\winning-koa\demo\node_modules\_koa-compose@3.2.1@koa-compose\index.js:45:18)
    at G:\vscode\winning-koa\demo\node_modules\_koa-router@7.4.0@koa-router\lib\router.js:346:16
    at dispatch (G:\vscode\winning-koa\demo\node_modules\_koa-compose@3.2.1@koa-compose\index.js:44:32)
    at G:\vscode\winning-koa\demo\node_modules\_koa-compose@3.2.1@koa-compose\index.js:36:12
    at dispatch (G:\vscode\winning-koa\demo\node_modules\_koa-router@7.4.0@koa-router\lib\router.js:351:31)
    at dispatch (G:\vscode\winning-koa\demo\node_modules\_koa-compose@4.0.0@koa-compose\index.js:42:32)
    at next (G:\vscode\winning-koa\demo\node_modules\_koa-compose@4.0.0@koa-compose\index.js:43:18)
    at g:\vscode\winning-koa\demo\rest.js:16:27
    at dispatch (G:\vscode\winning-koa\demo\node_modules\_koa-compose@4.0.0@koa-compose\index.js:42:32)
    at next (G:\vscode\winning-koa\demo\node_modules\_koa-compose@4.0.0@koa-compose\index.js:43:18)
    at bodyParser (G:\vscode\winning-koa\demo\node_modules\_koa-bodyparser@4.2.0@koa-bodyparser\index.js:86:11)
    at <anonymous>
    at process._tickCallback (internal/process/next_tick.js:188:7)
*************** error log end ***************

[2018-03-28T10:32:46.772] [ERROR] errorLogger - 
*************** error log start ***************
request method: GET
request originalUrl:  /api/getProjectByUserId/1
request client ip:  ::1
request query:  {}
response time: 18832
err name: TypeError
err message: selections.forEach is not a function
err stack: TypeError: selections.forEach is not a function
    at projects.forEach.project (g:\vscode\winning-koa\demo\core\services\selection.js:28:20)
    at Array.forEach (<anonymous>)
    at Object.getProjectByUserId (g:\vscode\winning-koa\demo\core\services\selection.js:20:14)
    at <anonymous>
*************** error log end ***************

[2018-03-28T10:32:46.777] [ERROR] errorLogger - 
*************** error log start ***************
request method: GET
request originalUrl:  /api/getProjectByUserId/1
request client ip:  ::1
request query:  {}
response time: 4059
err name: TypeError
err message: selections.forEach is not a function
err stack: TypeError: selections.forEach is not a function
    at projects.forEach.project (g:\vscode\winning-koa\demo\core\services\selection.js:28:20)
    at Array.forEach (<anonymous>)
    at Object.getProjectByUserId (g:\vscode\winning-koa\demo\core\services\selection.js:20:14)
    at <anonymous>
    at process._tickCallback (internal/process/next_tick.js:188:7)
*************** error log end ***************

[2018-03-28T10:34:49.365] [ERROR] errorLogger - 
*************** error log start ***************
request method: GET
request originalUrl:  /api/getProjectByUserId/1
request client ip:  ::1
request query:  {}
response time: 87706
err name: TypeError
err message: selections.forEach is not a function
err stack: TypeError: selections.forEach is not a function
    at projects.forEach.project (g:\vscode\winning-koa\demo\core\services\selection.js:28:20)
    at Array.forEach (<anonymous>)
    at Object.getProjectByUserId (g:\vscode\winning-koa\demo\core\services\selection.js:20:14)
    at <anonymous>
*************** error log end ***************

[2018-03-28T10:35:35.535] [ERROR] errorLogger - 
*************** error log start ***************
request method: GET
request originalUrl:  /api/getProjectByUserId/1
request client ip:  ::1
request query:  {}
response time: 20753
err name: TypeError
err message: selections.forEach is not a function
err stack: TypeError: selections.forEach is not a function
    at projects.forEach.project (g:\vscode\winning-koa\demo\core\services\selection.js:28:20)
    at Array.forEach (<anonymous>)
    at Object.getProjectByUserId (g:\vscode\winning-koa\demo\core\services\selection.js:20:14)
    at <anonymous>
*************** error log end ***************

[2018-03-28T10:36:16.611] [ERROR] errorLogger - 
*************** error log start ***************
request method: GET
request originalUrl:  /api/getProjectByUserId/1
request client ip:  ::1
request query:  {}
response time: 5591
err name: TypeError
err message: selections.forEach is not a function
err stack: TypeError: selections.forEach is not a function
    at projects.forEach.project (g:\vscode\winning-koa\demo\core\services\selection.js:28:20)
    at Array.forEach (<anonymous>)
    at Object.getProjectByUserId (g:\vscode\winning-koa\demo\core\services\selection.js:20:14)
    at <anonymous>
*************** error log end ***************

[2018-03-28T10:37:10.842] [ERROR] errorLogger - 
*************** error log start ***************
request method: GET
request originalUrl:  /api/getProjectByUserId/1
request client ip:  ::1
request query:  {}
response time: 11
err name: TypeError
err message: selections.forEach is not a function
err stack: TypeError: selections.forEach is not a function
    at projects.forEach.project (g:\vscode\winning-koa\demo\core\services\selection.js:28:20)
    at Array.forEach (<anonymous>)
    at Object.getProjectByUserId (g:\vscode\winning-koa\demo\core\services\selection.js:20:14)
    at <anonymous>
*************** error log end ***************

[2018-03-28T10:37:22.378] [ERROR] errorLogger - 
*************** error log start ***************
request method: GET
request originalUrl:  /api/getProjectByUserId/1
request client ip:  ::1
request query:  {}
response time: 92
err name: TypeError
err message: selections.forEach is not a function
err stack: TypeError: selections.forEach is not a function
    at projects.forEach.project (g:\vscode\winning-koa\demo\core\services\selection.js:28:20)
    at Array.forEach (<anonymous>)
    at Object.getProjectByUserId (g:\vscode\winning-koa\demo\core\services\selection.js:20:14)
    at <anonymous>
*************** error log end ***************

