[2018-03-28T09:13:40.784] [ERROR] errorLogger - 
*************** error log start ***************
request method: POST
request originalUrl:  /api/postProject
request client ip:  ::1
request body: 
{}
response time: 7592
err name: ReferenceError
err message: data is not defined
err stack: ReferenceError: data is not defined
    at module.exports.POST /api/postProject (g:\vscode\winning-koa\demo\controllers\project.js:26:62)
    at dispatch (G:\vscode\winning-koa\demo\node_modules\_koa-compose@3.2.1@koa-compose\index.js:44:32)
    at next (G:\vscode\winning-koa\demo\node_modules\_koa-compose@3.2.1@koa-compose\index.js:45:18)
    at <anonymous>
    at process._tickCallback (internal/process/next_tick.js:188:7)
*************** error log end ***************

[2018-03-28T09:15:54.475] [ERROR] errorLogger - 
*************** error log start ***************
request method: POST
request originalUrl:  /api/postProject
request client ip:  ::1
request body: 
{}
response time: 18010
err name: ReferenceError
err message: data is not defined
err stack: ReferenceError: data is not defined
    at module.exports.POST /api/postProject (g:\vscode\winning-koa\demo\controllers\project.js:26:62)
    at dispatch (G:\vscode\winning-koa\demo\node_modules\_koa-compose@3.2.1@koa-compose\index.js:44:32)
    at next (G:\vscode\winning-koa\demo\node_modules\_koa-compose@3.2.1@koa-compose\index.js:45:18)
    at <anonymous>
    at process._tickCallback (internal/process/next_tick.js:188:7)
*************** error log end ***************

[2018-03-28T09:17:00.695] [ERROR] errorLogger - 
*************** error log start ***************
request method: POST
request originalUrl:  /api/postProject
request client ip:  ::1
request body: 
{}
response time: 5686
err name: ReferenceError
err message: data is not defined
err stack: ReferenceError: data is not defined
    at module.exports.POST /api/postProject (g:\vscode\winning-koa\demo\controllers\project.js:26:62)
    at dispatch (G:\vscode\winning-koa\demo\node_modules\_koa-compose@3.2.1@koa-compose\index.js:44:32)
    at next (G:\vscode\winning-koa\demo\node_modules\_koa-compose@3.2.1@koa-compose\index.js:45:18)
    at <anonymous>
*************** error log end ***************

