[2018-03-27T14:00:11.788] [INFO] resLogger - 
*************** response log start ***************
request method: GET
request originalUrl:  /api/getUser/%E4%BA%91%E9%A3%9E
request client ip:  ::1
request query:  {}
response time: 60
response status: 200
response body: 
[{"id":1,"firstName":"黄","lastName":"云飞","email":"huangyunfeihufe@hotmail.com","createdAt":"2018-03-22T01:12:55.000Z","updatedAt":"2018-03-22T01:12:55.000Z"}]
*************** response log end ***************

[2018-03-27T14:05:50.541] [INFO] resLogger - 
*************** response log start ***************
request method: GET
request originalUrl:  /api/getUser/%E4%BA%91%E9%A3%9E
request client ip:  ::1
request query:  {}
response time: 7
response status: 200
response body: 
[{"id":1,"firstName":"黄","lastName":"云飞","email":"huangyunfeihufe@hotmail.com","createdAt":"2018-03-22T01:12:55.000Z","updatedAt":"2018-03-22T01:12:55.000Z"}]
*************** response log end ***************

[2018-03-27T14:15:45.030] [INFO] resLogger - 
*************** response log start ***************
request method: GET
request originalUrl:  /api/getUser/%E4%BA%91%E9%A3%9E
request client ip:  ::1
request query:  {}
response time: 15
response status: 200
response body: 
[{"id":1,"firstName":"黄","lastName":"云飞","email":"huangyunfeihufe@hotmail.com","createdAt":"2018-03-22T01:12:55.000Z","updatedAt":"2018-03-22T01:12:55.000Z"}]
*************** response log end ***************

[2018-03-27T14:20:13.796] [INFO] resLogger - 
*************** response log start ***************
request method: GET
request originalUrl:  /api/getUser/%E4%BA%91%E9%A3%9E
request client ip:  ::1
request query:  {}
response time: 7
response status: 200
response body: 
[{"id":1,"firstName":"黄","lastName":"云飞","email":"huangyunfeihufe@hotmail.com","createdAt":"2018-03-22T01:12:55.000Z","updatedAt":"2018-03-22T01:12:55.000Z"}]
*************** response log end ***************

[2018-03-27T14:26:55.893] [INFO] resLogger - 
*************** response log start ***************
request method: GET
request originalUrl:  /api/getUser/%E4%BA%91%E9%A3%9E
request client ip:  ::1
request query:  {}
response time: 65
response status: 200
response body: 
[{"id":1,"firstName":"黄","lastName":"云飞","email":"huangyunfeihufe@hotmail.com","createdAt":"2018-03-22T01:12:55.000Z","updatedAt":"2018-03-22T01:12:55.000Z"}]
*************** response log end ***************

